<?xml version="1.0" encoding="UTF-8"?>
<!-- Generated by org.testng.reporters.JUnitXMLReporter -->
<testsuite hostname="OSP75" ignored="0" name="Default test" tests="4" failures="0" timestamp="29 Jan 2018 05:31:30 GMT" time="73.735" errors="0">
  <testcase name="lp01" time="38.05" classname="AutomationTestCase.LoginTestCase"/>
  <testcase name="lp02" time="11.923" classname="AutomationTestCase.LoginTestCase"/>
  <testcase name="lp03" time="12.74" classname="AutomationTestCase.LoginTestCase"/>
  <testcase name="lp04" time="10.997" classname="AutomationTestCase.LoginTestCase"/>
</testsuite> <!-- Default test -->
